ARM GAS  C:\Users\ashto\AppData\Local\Temp\ccxotgP1.s 			page 1


   1              		.cpu cortex-m4
   2              		.arch armv7e-m
   3              		.fpu fpv4-sp-d16
   4              		.eabi_attribute 27, 1
   5              		.eabi_attribute 28, 1
   6              		.eabi_attribute 20, 1
   7              		.eabi_attribute 21, 1
   8              		.eabi_attribute 23, 3
   9              		.eabi_attribute 24, 1
  10              		.eabi_attribute 25, 1
  11              		.eabi_attribute 26, 1
  12              		.eabi_attribute 30, 1
  13              		.eabi_attribute 34, 1
  14              		.eabi_attribute 18, 4
  15              		.file	"usbh_ioreq.c"
  16              		.text
  17              	.Ltext0:
  18              		.cfi_sections	.debug_frame
  19              		.section	.text.USBH_CtlSendSetup,"ax",%progbits
  20              		.align	1
  21              		.global	USBH_CtlSendSetup
  22              		.syntax unified
  23              		.thumb
  24              		.thumb_func
  26              	USBH_CtlSendSetup:
  27              	.LVL0:
  28              	.LFB141:
  29              		.file 1 "Middlewares/ST/STM32_USB_Host_Library/Core/Src/usbh_ioreq.c"
   1:Middlewares/ST/STM32_USB_Host_Library/Core/Src/usbh_ioreq.c **** /**
   2:Middlewares/ST/STM32_USB_Host_Library/Core/Src/usbh_ioreq.c ****   ******************************************************************************
   3:Middlewares/ST/STM32_USB_Host_Library/Core/Src/usbh_ioreq.c ****   * @file    usbh_ioreq.c
   4:Middlewares/ST/STM32_USB_Host_Library/Core/Src/usbh_ioreq.c ****   * @author  MCD Application Team
   5:Middlewares/ST/STM32_USB_Host_Library/Core/Src/usbh_ioreq.c ****   * @brief   This file handles the issuing of the USB transactions
   6:Middlewares/ST/STM32_USB_Host_Library/Core/Src/usbh_ioreq.c ****   ******************************************************************************
   7:Middlewares/ST/STM32_USB_Host_Library/Core/Src/usbh_ioreq.c ****   * @attention
   8:Middlewares/ST/STM32_USB_Host_Library/Core/Src/usbh_ioreq.c ****   *
   9:Middlewares/ST/STM32_USB_Host_Library/Core/Src/usbh_ioreq.c ****   * Copyright (c) 2015 STMicroelectronics.
  10:Middlewares/ST/STM32_USB_Host_Library/Core/Src/usbh_ioreq.c ****   * All rights reserved.
  11:Middlewares/ST/STM32_USB_Host_Library/Core/Src/usbh_ioreq.c ****   *
  12:Middlewares/ST/STM32_USB_Host_Library/Core/Src/usbh_ioreq.c ****   * This software is licensed under terms that can be found in the LICENSE file
  13:Middlewares/ST/STM32_USB_Host_Library/Core/Src/usbh_ioreq.c ****   * in the root directory of this software component.
  14:Middlewares/ST/STM32_USB_Host_Library/Core/Src/usbh_ioreq.c ****   * If no LICENSE file comes with this software, it is provided AS-IS.
  15:Middlewares/ST/STM32_USB_Host_Library/Core/Src/usbh_ioreq.c ****   *
  16:Middlewares/ST/STM32_USB_Host_Library/Core/Src/usbh_ioreq.c ****   ******************************************************************************
  17:Middlewares/ST/STM32_USB_Host_Library/Core/Src/usbh_ioreq.c ****   */
  18:Middlewares/ST/STM32_USB_Host_Library/Core/Src/usbh_ioreq.c **** 
  19:Middlewares/ST/STM32_USB_Host_Library/Core/Src/usbh_ioreq.c **** /* Includes ------------------------------------------------------------------*/
  20:Middlewares/ST/STM32_USB_Host_Library/Core/Src/usbh_ioreq.c **** #include "usbh_ioreq.h"
  21:Middlewares/ST/STM32_USB_Host_Library/Core/Src/usbh_ioreq.c **** 
  22:Middlewares/ST/STM32_USB_Host_Library/Core/Src/usbh_ioreq.c **** /** @addtogroup USBH_LIB
  23:Middlewares/ST/STM32_USB_Host_Library/Core/Src/usbh_ioreq.c ****   * @{
  24:Middlewares/ST/STM32_USB_Host_Library/Core/Src/usbh_ioreq.c ****   */
  25:Middlewares/ST/STM32_USB_Host_Library/Core/Src/usbh_ioreq.c **** 
  26:Middlewares/ST/STM32_USB_Host_Library/Core/Src/usbh_ioreq.c **** /** @addtogroup USBH_LIB_CORE
  27:Middlewares/ST/STM32_USB_Host_Library/Core/Src/usbh_ioreq.c ****   * @{
  28:Middlewares/ST/STM32_USB_Host_Library/Core/Src/usbh_ioreq.c ****   */
  29:Middlewares/ST/STM32_USB_Host_Library/Core/Src/usbh_ioreq.c **** 
ARM GAS  C:\Users\ashto\AppData\Local\Temp\ccxotgP1.s 			page 2


  30:Middlewares/ST/STM32_USB_Host_Library/Core/Src/usbh_ioreq.c **** /** @defgroup USBH_IOREQ
  31:Middlewares/ST/STM32_USB_Host_Library/Core/Src/usbh_ioreq.c ****   * @brief This file handles the standard protocol processing (USB v2.0)
  32:Middlewares/ST/STM32_USB_Host_Library/Core/Src/usbh_ioreq.c ****   * @{
  33:Middlewares/ST/STM32_USB_Host_Library/Core/Src/usbh_ioreq.c ****   */
  34:Middlewares/ST/STM32_USB_Host_Library/Core/Src/usbh_ioreq.c **** 
  35:Middlewares/ST/STM32_USB_Host_Library/Core/Src/usbh_ioreq.c **** 
  36:Middlewares/ST/STM32_USB_Host_Library/Core/Src/usbh_ioreq.c **** /** @defgroup USBH_IOREQ_Private_Defines
  37:Middlewares/ST/STM32_USB_Host_Library/Core/Src/usbh_ioreq.c ****   * @{
  38:Middlewares/ST/STM32_USB_Host_Library/Core/Src/usbh_ioreq.c ****   */
  39:Middlewares/ST/STM32_USB_Host_Library/Core/Src/usbh_ioreq.c **** 
  40:Middlewares/ST/STM32_USB_Host_Library/Core/Src/usbh_ioreq.c **** /**
  41:Middlewares/ST/STM32_USB_Host_Library/Core/Src/usbh_ioreq.c ****   * @}
  42:Middlewares/ST/STM32_USB_Host_Library/Core/Src/usbh_ioreq.c ****   */
  43:Middlewares/ST/STM32_USB_Host_Library/Core/Src/usbh_ioreq.c **** 
  44:Middlewares/ST/STM32_USB_Host_Library/Core/Src/usbh_ioreq.c **** 
  45:Middlewares/ST/STM32_USB_Host_Library/Core/Src/usbh_ioreq.c **** /** @defgroup USBH_IOREQ_Private_TypesDefinitions
  46:Middlewares/ST/STM32_USB_Host_Library/Core/Src/usbh_ioreq.c ****   * @{
  47:Middlewares/ST/STM32_USB_Host_Library/Core/Src/usbh_ioreq.c ****   */
  48:Middlewares/ST/STM32_USB_Host_Library/Core/Src/usbh_ioreq.c **** /**
  49:Middlewares/ST/STM32_USB_Host_Library/Core/Src/usbh_ioreq.c ****   * @}
  50:Middlewares/ST/STM32_USB_Host_Library/Core/Src/usbh_ioreq.c ****   */
  51:Middlewares/ST/STM32_USB_Host_Library/Core/Src/usbh_ioreq.c **** 
  52:Middlewares/ST/STM32_USB_Host_Library/Core/Src/usbh_ioreq.c **** 
  53:Middlewares/ST/STM32_USB_Host_Library/Core/Src/usbh_ioreq.c **** 
  54:Middlewares/ST/STM32_USB_Host_Library/Core/Src/usbh_ioreq.c **** /** @defgroup USBH_IOREQ_Private_Macros
  55:Middlewares/ST/STM32_USB_Host_Library/Core/Src/usbh_ioreq.c ****   * @{
  56:Middlewares/ST/STM32_USB_Host_Library/Core/Src/usbh_ioreq.c ****   */
  57:Middlewares/ST/STM32_USB_Host_Library/Core/Src/usbh_ioreq.c **** /**
  58:Middlewares/ST/STM32_USB_Host_Library/Core/Src/usbh_ioreq.c ****   * @}
  59:Middlewares/ST/STM32_USB_Host_Library/Core/Src/usbh_ioreq.c ****   */
  60:Middlewares/ST/STM32_USB_Host_Library/Core/Src/usbh_ioreq.c **** 
  61:Middlewares/ST/STM32_USB_Host_Library/Core/Src/usbh_ioreq.c **** 
  62:Middlewares/ST/STM32_USB_Host_Library/Core/Src/usbh_ioreq.c **** /** @defgroup USBH_IOREQ_Private_Variables
  63:Middlewares/ST/STM32_USB_Host_Library/Core/Src/usbh_ioreq.c ****   * @{
  64:Middlewares/ST/STM32_USB_Host_Library/Core/Src/usbh_ioreq.c ****   */
  65:Middlewares/ST/STM32_USB_Host_Library/Core/Src/usbh_ioreq.c **** /**
  66:Middlewares/ST/STM32_USB_Host_Library/Core/Src/usbh_ioreq.c ****   * @}
  67:Middlewares/ST/STM32_USB_Host_Library/Core/Src/usbh_ioreq.c ****   */
  68:Middlewares/ST/STM32_USB_Host_Library/Core/Src/usbh_ioreq.c **** /** @defgroup USBH_IOREQ_Private_FunctionPrototypes
  69:Middlewares/ST/STM32_USB_Host_Library/Core/Src/usbh_ioreq.c ****   * @{
  70:Middlewares/ST/STM32_USB_Host_Library/Core/Src/usbh_ioreq.c ****   */
  71:Middlewares/ST/STM32_USB_Host_Library/Core/Src/usbh_ioreq.c **** 
  72:Middlewares/ST/STM32_USB_Host_Library/Core/Src/usbh_ioreq.c **** /**
  73:Middlewares/ST/STM32_USB_Host_Library/Core/Src/usbh_ioreq.c ****   * @}
  74:Middlewares/ST/STM32_USB_Host_Library/Core/Src/usbh_ioreq.c ****   */
  75:Middlewares/ST/STM32_USB_Host_Library/Core/Src/usbh_ioreq.c **** 
  76:Middlewares/ST/STM32_USB_Host_Library/Core/Src/usbh_ioreq.c **** 
  77:Middlewares/ST/STM32_USB_Host_Library/Core/Src/usbh_ioreq.c **** /** @defgroup USBH_IOREQ_Private_Functions
  78:Middlewares/ST/STM32_USB_Host_Library/Core/Src/usbh_ioreq.c ****   * @{
  79:Middlewares/ST/STM32_USB_Host_Library/Core/Src/usbh_ioreq.c ****   */
  80:Middlewares/ST/STM32_USB_Host_Library/Core/Src/usbh_ioreq.c **** 
  81:Middlewares/ST/STM32_USB_Host_Library/Core/Src/usbh_ioreq.c **** 
  82:Middlewares/ST/STM32_USB_Host_Library/Core/Src/usbh_ioreq.c **** 
  83:Middlewares/ST/STM32_USB_Host_Library/Core/Src/usbh_ioreq.c **** /**
  84:Middlewares/ST/STM32_USB_Host_Library/Core/Src/usbh_ioreq.c ****   * @brief  USBH_CtlSendSetup
  85:Middlewares/ST/STM32_USB_Host_Library/Core/Src/usbh_ioreq.c ****   *         Sends the Setup Packet to the Device
  86:Middlewares/ST/STM32_USB_Host_Library/Core/Src/usbh_ioreq.c ****   * @param  phost: Host Handle
ARM GAS  C:\Users\ashto\AppData\Local\Temp\ccxotgP1.s 			page 3


  87:Middlewares/ST/STM32_USB_Host_Library/Core/Src/usbh_ioreq.c ****   * @param  buff: Buffer pointer from which the Data will be send to Device
  88:Middlewares/ST/STM32_USB_Host_Library/Core/Src/usbh_ioreq.c ****   * @param  pipe_num: Pipe Number
  89:Middlewares/ST/STM32_USB_Host_Library/Core/Src/usbh_ioreq.c ****   * @retval USBH Status
  90:Middlewares/ST/STM32_USB_Host_Library/Core/Src/usbh_ioreq.c ****   */
  91:Middlewares/ST/STM32_USB_Host_Library/Core/Src/usbh_ioreq.c **** USBH_StatusTypeDef USBH_CtlSendSetup(USBH_HandleTypeDef *phost,
  92:Middlewares/ST/STM32_USB_Host_Library/Core/Src/usbh_ioreq.c ****                                      uint8_t *buff,
  93:Middlewares/ST/STM32_USB_Host_Library/Core/Src/usbh_ioreq.c ****                                      uint8_t pipe_num)
  94:Middlewares/ST/STM32_USB_Host_Library/Core/Src/usbh_ioreq.c **** {
  30              		.loc 1 94 1 view -0
  31              		.cfi_startproc
  32              		@ args = 0, pretend = 0, frame = 0
  33              		@ frame_needed = 0, uses_anonymous_args = 0
  34              		.loc 1 94 1 is_stmt 0 view .LVU1
  35 0000 10B5     		push	{r4, lr}
  36              	.LCFI0:
  37              		.cfi_def_cfa_offset 8
  38              		.cfi_offset 4, -8
  39              		.cfi_offset 14, -4
  40 0002 84B0     		sub	sp, sp, #16
  41              	.LCFI1:
  42              		.cfi_def_cfa_offset 24
  43 0004 0B46     		mov	r3, r1
  44 0006 1146     		mov	r1, r2
  45              	.LVL1:
  95:Middlewares/ST/STM32_USB_Host_Library/Core/Src/usbh_ioreq.c **** 
  96:Middlewares/ST/STM32_USB_Host_Library/Core/Src/usbh_ioreq.c ****   (void)USBH_LL_SubmitURB(phost,                /* Driver handle    */
  46              		.loc 1 96 3 is_stmt 1 view .LVU2
  47              		.loc 1 96 9 is_stmt 0 view .LVU3
  48 0008 0024     		movs	r4, #0
  49 000a 0394     		str	r4, [sp, #12]
  50 000c 0822     		movs	r2, #8
  51              	.LVL2:
  52              		.loc 1 96 9 view .LVU4
  53 000e 0292     		str	r2, [sp, #8]
  54 0010 0193     		str	r3, [sp, #4]
  55 0012 0094     		str	r4, [sp]
  56 0014 2346     		mov	r3, r4
  57              	.LVL3:
  58              		.loc 1 96 9 view .LVU5
  59 0016 2246     		mov	r2, r4
  60 0018 FFF7FEFF 		bl	USBH_LL_SubmitURB
  61              	.LVL4:
  97:Middlewares/ST/STM32_USB_Host_Library/Core/Src/usbh_ioreq.c ****                           pipe_num,             /* Pipe index       */
  98:Middlewares/ST/STM32_USB_Host_Library/Core/Src/usbh_ioreq.c ****                           0U,                   /* Direction : OUT  */
  99:Middlewares/ST/STM32_USB_Host_Library/Core/Src/usbh_ioreq.c ****                           USBH_EP_CONTROL,      /* EP type          */
 100:Middlewares/ST/STM32_USB_Host_Library/Core/Src/usbh_ioreq.c ****                           USBH_PID_SETUP,       /* Type setup       */
 101:Middlewares/ST/STM32_USB_Host_Library/Core/Src/usbh_ioreq.c ****                           buff,                 /* data buffer      */
 102:Middlewares/ST/STM32_USB_Host_Library/Core/Src/usbh_ioreq.c ****                           USBH_SETUP_PKT_SIZE,  /* data length      */
 103:Middlewares/ST/STM32_USB_Host_Library/Core/Src/usbh_ioreq.c ****                           0U);
 104:Middlewares/ST/STM32_USB_Host_Library/Core/Src/usbh_ioreq.c ****   return USBH_OK;
  62              		.loc 1 104 3 is_stmt 1 view .LVU6
 105:Middlewares/ST/STM32_USB_Host_Library/Core/Src/usbh_ioreq.c **** }
  63              		.loc 1 105 1 is_stmt 0 view .LVU7
  64 001c 2046     		mov	r0, r4
  65 001e 04B0     		add	sp, sp, #16
  66              	.LCFI2:
  67              		.cfi_def_cfa_offset 8
ARM GAS  C:\Users\ashto\AppData\Local\Temp\ccxotgP1.s 			page 4


  68              		@ sp needed
  69 0020 10BD     		pop	{r4, pc}
  70              		.cfi_endproc
  71              	.LFE141:
  73              		.section	.text.USBH_CtlSendData,"ax",%progbits
  74              		.align	1
  75              		.global	USBH_CtlSendData
  76              		.syntax unified
  77              		.thumb
  78              		.thumb_func
  80              	USBH_CtlSendData:
  81              	.LVL5:
  82              	.LFB142:
 106:Middlewares/ST/STM32_USB_Host_Library/Core/Src/usbh_ioreq.c **** 
 107:Middlewares/ST/STM32_USB_Host_Library/Core/Src/usbh_ioreq.c **** 
 108:Middlewares/ST/STM32_USB_Host_Library/Core/Src/usbh_ioreq.c **** /**
 109:Middlewares/ST/STM32_USB_Host_Library/Core/Src/usbh_ioreq.c ****   * @brief  USBH_CtlSendData
 110:Middlewares/ST/STM32_USB_Host_Library/Core/Src/usbh_ioreq.c ****   *         Sends a data Packet to the Device
 111:Middlewares/ST/STM32_USB_Host_Library/Core/Src/usbh_ioreq.c ****   * @param  phost: Host Handle
 112:Middlewares/ST/STM32_USB_Host_Library/Core/Src/usbh_ioreq.c ****   * @param  buff: Buffer pointer from which the Data will be sent to Device
 113:Middlewares/ST/STM32_USB_Host_Library/Core/Src/usbh_ioreq.c ****   * @param  length: Length of the data to be sent
 114:Middlewares/ST/STM32_USB_Host_Library/Core/Src/usbh_ioreq.c ****   * @param  pipe_num: Pipe Number
 115:Middlewares/ST/STM32_USB_Host_Library/Core/Src/usbh_ioreq.c ****   * @retval USBH Status
 116:Middlewares/ST/STM32_USB_Host_Library/Core/Src/usbh_ioreq.c ****   */
 117:Middlewares/ST/STM32_USB_Host_Library/Core/Src/usbh_ioreq.c **** USBH_StatusTypeDef USBH_CtlSendData(USBH_HandleTypeDef *phost,
 118:Middlewares/ST/STM32_USB_Host_Library/Core/Src/usbh_ioreq.c ****                                     uint8_t *buff,
 119:Middlewares/ST/STM32_USB_Host_Library/Core/Src/usbh_ioreq.c ****                                     uint16_t length,
 120:Middlewares/ST/STM32_USB_Host_Library/Core/Src/usbh_ioreq.c ****                                     uint8_t pipe_num,
 121:Middlewares/ST/STM32_USB_Host_Library/Core/Src/usbh_ioreq.c ****                                     uint8_t do_ping)
 122:Middlewares/ST/STM32_USB_Host_Library/Core/Src/usbh_ioreq.c **** {
  83              		.loc 1 122 1 is_stmt 1 view -0
  84              		.cfi_startproc
  85              		@ args = 4, pretend = 0, frame = 0
  86              		@ frame_needed = 0, uses_anonymous_args = 0
  87              		.loc 1 122 1 is_stmt 0 view .LVU9
  88 0000 30B5     		push	{r4, r5, lr}
  89              	.LCFI3:
  90              		.cfi_def_cfa_offset 12
  91              		.cfi_offset 4, -12
  92              		.cfi_offset 5, -8
  93              		.cfi_offset 14, -4
  94 0002 85B0     		sub	sp, sp, #20
  95              	.LCFI4:
  96              		.cfi_def_cfa_offset 32
  97 0004 0C46     		mov	r4, r1
  98 0006 1946     		mov	r1, r3
  99              	.LVL6:
 100              		.loc 1 122 1 view .LVU10
 101 0008 9DF82030 		ldrb	r3, [sp, #32]	@ zero_extendqisi2
 102              	.LVL7:
 123:Middlewares/ST/STM32_USB_Host_Library/Core/Src/usbh_ioreq.c ****   if (phost->device.speed != USBH_SPEED_HIGH)
 103              		.loc 1 123 3 is_stmt 1 view .LVU11
 104              		.loc 1 123 20 is_stmt 0 view .LVU12
 105 000c 90F81D53 		ldrb	r5, [r0, #797]	@ zero_extendqisi2
 106              		.loc 1 123 6 view .LVU13
 107 0010 05B1     		cbz	r5, .L4
 124:Middlewares/ST/STM32_USB_Host_Library/Core/Src/usbh_ioreq.c ****   {
ARM GAS  C:\Users\ashto\AppData\Local\Temp\ccxotgP1.s 			page 5


 125:Middlewares/ST/STM32_USB_Host_Library/Core/Src/usbh_ioreq.c ****     do_ping = 0U;
 108              		.loc 1 125 13 view .LVU14
 109 0012 0023     		movs	r3, #0
 110              	.L4:
 111              	.LVL8:
 126:Middlewares/ST/STM32_USB_Host_Library/Core/Src/usbh_ioreq.c ****   }
 127:Middlewares/ST/STM32_USB_Host_Library/Core/Src/usbh_ioreq.c **** 
 128:Middlewares/ST/STM32_USB_Host_Library/Core/Src/usbh_ioreq.c ****   (void)USBH_LL_SubmitURB(phost,                /* Driver handle    */
 112              		.loc 1 128 3 is_stmt 1 view .LVU15
 113              		.loc 1 128 9 is_stmt 0 view .LVU16
 114 0014 0393     		str	r3, [sp, #12]
 115 0016 0292     		str	r2, [sp, #8]
 116 0018 0194     		str	r4, [sp, #4]
 117 001a 0123     		movs	r3, #1
 118              	.LVL9:
 119              		.loc 1 128 9 view .LVU17
 120 001c 0093     		str	r3, [sp]
 121 001e 0023     		movs	r3, #0
 122 0020 1A46     		mov	r2, r3
 123              	.LVL10:
 124              		.loc 1 128 9 view .LVU18
 125 0022 FFF7FEFF 		bl	USBH_LL_SubmitURB
 126              	.LVL11:
 129:Middlewares/ST/STM32_USB_Host_Library/Core/Src/usbh_ioreq.c ****                           pipe_num,             /* Pipe index       */
 130:Middlewares/ST/STM32_USB_Host_Library/Core/Src/usbh_ioreq.c ****                           0U,                   /* Direction : OUT  */
 131:Middlewares/ST/STM32_USB_Host_Library/Core/Src/usbh_ioreq.c ****                           USBH_EP_CONTROL,      /* EP type          */
 132:Middlewares/ST/STM32_USB_Host_Library/Core/Src/usbh_ioreq.c ****                           USBH_PID_DATA,        /* Type Data        */
 133:Middlewares/ST/STM32_USB_Host_Library/Core/Src/usbh_ioreq.c ****                           buff,                 /* data buffer      */
 134:Middlewares/ST/STM32_USB_Host_Library/Core/Src/usbh_ioreq.c ****                           length,               /* data length      */
 135:Middlewares/ST/STM32_USB_Host_Library/Core/Src/usbh_ioreq.c ****                           do_ping);             /* do ping (HS Only)*/
 136:Middlewares/ST/STM32_USB_Host_Library/Core/Src/usbh_ioreq.c **** 
 137:Middlewares/ST/STM32_USB_Host_Library/Core/Src/usbh_ioreq.c ****   return USBH_OK;
 127              		.loc 1 137 3 is_stmt 1 view .LVU19
 138:Middlewares/ST/STM32_USB_Host_Library/Core/Src/usbh_ioreq.c **** }
 128              		.loc 1 138 1 is_stmt 0 view .LVU20
 129 0026 0020     		movs	r0, #0
 130 0028 05B0     		add	sp, sp, #20
 131              	.LCFI5:
 132              		.cfi_def_cfa_offset 12
 133              		@ sp needed
 134 002a 30BD     		pop	{r4, r5, pc}
 135              		.loc 1 138 1 view .LVU21
 136              		.cfi_endproc
 137              	.LFE142:
 139              		.section	.text.USBH_CtlReceiveData,"ax",%progbits
 140              		.align	1
 141              		.global	USBH_CtlReceiveData
 142              		.syntax unified
 143              		.thumb
 144              		.thumb_func
 146              	USBH_CtlReceiveData:
 147              	.LVL12:
 148              	.LFB143:
 139:Middlewares/ST/STM32_USB_Host_Library/Core/Src/usbh_ioreq.c **** 
 140:Middlewares/ST/STM32_USB_Host_Library/Core/Src/usbh_ioreq.c **** 
 141:Middlewares/ST/STM32_USB_Host_Library/Core/Src/usbh_ioreq.c **** /**
 142:Middlewares/ST/STM32_USB_Host_Library/Core/Src/usbh_ioreq.c ****   * @brief  USBH_CtlReceiveData
ARM GAS  C:\Users\ashto\AppData\Local\Temp\ccxotgP1.s 			page 6


 143:Middlewares/ST/STM32_USB_Host_Library/Core/Src/usbh_ioreq.c ****   *         Receives the Device Response to the Setup Packet
 144:Middlewares/ST/STM32_USB_Host_Library/Core/Src/usbh_ioreq.c ****   * @param  phost: Host Handle
 145:Middlewares/ST/STM32_USB_Host_Library/Core/Src/usbh_ioreq.c ****   * @param  buff: Buffer pointer in which the response needs to be copied
 146:Middlewares/ST/STM32_USB_Host_Library/Core/Src/usbh_ioreq.c ****   * @param  length: Length of the data to be received
 147:Middlewares/ST/STM32_USB_Host_Library/Core/Src/usbh_ioreq.c ****   * @param  pipe_num: Pipe Number
 148:Middlewares/ST/STM32_USB_Host_Library/Core/Src/usbh_ioreq.c ****   * @retval USBH Status.
 149:Middlewares/ST/STM32_USB_Host_Library/Core/Src/usbh_ioreq.c ****   */
 150:Middlewares/ST/STM32_USB_Host_Library/Core/Src/usbh_ioreq.c **** USBH_StatusTypeDef USBH_CtlReceiveData(USBH_HandleTypeDef *phost,
 151:Middlewares/ST/STM32_USB_Host_Library/Core/Src/usbh_ioreq.c ****                                        uint8_t *buff,
 152:Middlewares/ST/STM32_USB_Host_Library/Core/Src/usbh_ioreq.c ****                                        uint16_t length,
 153:Middlewares/ST/STM32_USB_Host_Library/Core/Src/usbh_ioreq.c ****                                        uint8_t pipe_num)
 154:Middlewares/ST/STM32_USB_Host_Library/Core/Src/usbh_ioreq.c **** {
 149              		.loc 1 154 1 is_stmt 1 view -0
 150              		.cfi_startproc
 151              		@ args = 0, pretend = 0, frame = 0
 152              		@ frame_needed = 0, uses_anonymous_args = 0
 153              		.loc 1 154 1 is_stmt 0 view .LVU23
 154 0000 30B5     		push	{r4, r5, lr}
 155              	.LCFI6:
 156              		.cfi_def_cfa_offset 12
 157              		.cfi_offset 4, -12
 158              		.cfi_offset 5, -8
 159              		.cfi_offset 14, -4
 160 0002 85B0     		sub	sp, sp, #20
 161              	.LCFI7:
 162              		.cfi_def_cfa_offset 32
 163 0004 0D46     		mov	r5, r1
 164 0006 1946     		mov	r1, r3
 165              	.LVL13:
 155:Middlewares/ST/STM32_USB_Host_Library/Core/Src/usbh_ioreq.c ****   (void)USBH_LL_SubmitURB(phost,                /* Driver handle    */
 166              		.loc 1 155 3 is_stmt 1 view .LVU24
 167              		.loc 1 155 9 is_stmt 0 view .LVU25
 168 0008 0024     		movs	r4, #0
 169 000a 0394     		str	r4, [sp, #12]
 170 000c 0292     		str	r2, [sp, #8]
 171 000e 0195     		str	r5, [sp, #4]
 172 0010 0122     		movs	r2, #1
 173              	.LVL14:
 174              		.loc 1 155 9 view .LVU26
 175 0012 0092     		str	r2, [sp]
 176 0014 2346     		mov	r3, r4
 177              	.LVL15:
 178              		.loc 1 155 9 view .LVU27
 179 0016 FFF7FEFF 		bl	USBH_LL_SubmitURB
 180              	.LVL16:
 156:Middlewares/ST/STM32_USB_Host_Library/Core/Src/usbh_ioreq.c ****                           pipe_num,             /* Pipe index       */
 157:Middlewares/ST/STM32_USB_Host_Library/Core/Src/usbh_ioreq.c ****                           1U,                   /* Direction : IN   */
 158:Middlewares/ST/STM32_USB_Host_Library/Core/Src/usbh_ioreq.c ****                           USBH_EP_CONTROL,      /* EP type          */
 159:Middlewares/ST/STM32_USB_Host_Library/Core/Src/usbh_ioreq.c ****                           USBH_PID_DATA,        /* Type Data        */
 160:Middlewares/ST/STM32_USB_Host_Library/Core/Src/usbh_ioreq.c ****                           buff,                 /* data buffer      */
 161:Middlewares/ST/STM32_USB_Host_Library/Core/Src/usbh_ioreq.c ****                           length,               /* data length      */
 162:Middlewares/ST/STM32_USB_Host_Library/Core/Src/usbh_ioreq.c ****                           0U);
 163:Middlewares/ST/STM32_USB_Host_Library/Core/Src/usbh_ioreq.c ****   return USBH_OK;
 181              		.loc 1 163 3 is_stmt 1 view .LVU28
 164:Middlewares/ST/STM32_USB_Host_Library/Core/Src/usbh_ioreq.c **** 
 165:Middlewares/ST/STM32_USB_Host_Library/Core/Src/usbh_ioreq.c **** }
 182              		.loc 1 165 1 is_stmt 0 view .LVU29
ARM GAS  C:\Users\ashto\AppData\Local\Temp\ccxotgP1.s 			page 7


 183 001a 2046     		mov	r0, r4
 184 001c 05B0     		add	sp, sp, #20
 185              	.LCFI8:
 186              		.cfi_def_cfa_offset 12
 187              		@ sp needed
 188 001e 30BD     		pop	{r4, r5, pc}
 189              		.loc 1 165 1 view .LVU30
 190              		.cfi_endproc
 191              	.LFE143:
 193              		.section	.text.USBH_BulkSendData,"ax",%progbits
 194              		.align	1
 195              		.global	USBH_BulkSendData
 196              		.syntax unified
 197              		.thumb
 198              		.thumb_func
 200              	USBH_BulkSendData:
 201              	.LVL17:
 202              	.LFB144:
 166:Middlewares/ST/STM32_USB_Host_Library/Core/Src/usbh_ioreq.c **** 
 167:Middlewares/ST/STM32_USB_Host_Library/Core/Src/usbh_ioreq.c **** 
 168:Middlewares/ST/STM32_USB_Host_Library/Core/Src/usbh_ioreq.c **** /**
 169:Middlewares/ST/STM32_USB_Host_Library/Core/Src/usbh_ioreq.c ****   * @brief  USBH_BulkSendData
 170:Middlewares/ST/STM32_USB_Host_Library/Core/Src/usbh_ioreq.c ****   *         Sends the Bulk Packet to the device
 171:Middlewares/ST/STM32_USB_Host_Library/Core/Src/usbh_ioreq.c ****   * @param  phost: Host Handle
 172:Middlewares/ST/STM32_USB_Host_Library/Core/Src/usbh_ioreq.c ****   * @param  buff: Buffer pointer from which the Data will be sent to Device
 173:Middlewares/ST/STM32_USB_Host_Library/Core/Src/usbh_ioreq.c ****   * @param  length: Length of the data to be sent
 174:Middlewares/ST/STM32_USB_Host_Library/Core/Src/usbh_ioreq.c ****   * @param  pipe_num: Pipe Number
 175:Middlewares/ST/STM32_USB_Host_Library/Core/Src/usbh_ioreq.c ****   * @retval USBH Status
 176:Middlewares/ST/STM32_USB_Host_Library/Core/Src/usbh_ioreq.c ****   */
 177:Middlewares/ST/STM32_USB_Host_Library/Core/Src/usbh_ioreq.c **** USBH_StatusTypeDef USBH_BulkSendData(USBH_HandleTypeDef *phost,
 178:Middlewares/ST/STM32_USB_Host_Library/Core/Src/usbh_ioreq.c ****                                      uint8_t *buff,
 179:Middlewares/ST/STM32_USB_Host_Library/Core/Src/usbh_ioreq.c ****                                      uint16_t length,
 180:Middlewares/ST/STM32_USB_Host_Library/Core/Src/usbh_ioreq.c ****                                      uint8_t pipe_num,
 181:Middlewares/ST/STM32_USB_Host_Library/Core/Src/usbh_ioreq.c ****                                      uint8_t do_ping)
 182:Middlewares/ST/STM32_USB_Host_Library/Core/Src/usbh_ioreq.c **** {
 203              		.loc 1 182 1 is_stmt 1 view -0
 204              		.cfi_startproc
 205              		@ args = 4, pretend = 0, frame = 0
 206              		@ frame_needed = 0, uses_anonymous_args = 0
 207              		.loc 1 182 1 is_stmt 0 view .LVU32
 208 0000 30B5     		push	{r4, r5, lr}
 209              	.LCFI9:
 210              		.cfi_def_cfa_offset 12
 211              		.cfi_offset 4, -12
 212              		.cfi_offset 5, -8
 213              		.cfi_offset 14, -4
 214 0002 85B0     		sub	sp, sp, #20
 215              	.LCFI10:
 216              		.cfi_def_cfa_offset 32
 217 0004 0C46     		mov	r4, r1
 218 0006 1946     		mov	r1, r3
 219              	.LVL18:
 220              		.loc 1 182 1 view .LVU33
 221 0008 9DF82030 		ldrb	r3, [sp, #32]	@ zero_extendqisi2
 222              	.LVL19:
 183:Middlewares/ST/STM32_USB_Host_Library/Core/Src/usbh_ioreq.c ****   if (phost->device.speed != USBH_SPEED_HIGH)
 223              		.loc 1 183 3 is_stmt 1 view .LVU34
ARM GAS  C:\Users\ashto\AppData\Local\Temp\ccxotgP1.s 			page 8


 224              		.loc 1 183 20 is_stmt 0 view .LVU35
 225 000c 90F81D53 		ldrb	r5, [r0, #797]	@ zero_extendqisi2
 226              		.loc 1 183 6 view .LVU36
 227 0010 05B1     		cbz	r5, .L10
 184:Middlewares/ST/STM32_USB_Host_Library/Core/Src/usbh_ioreq.c ****   {
 185:Middlewares/ST/STM32_USB_Host_Library/Core/Src/usbh_ioreq.c ****     do_ping = 0U;
 228              		.loc 1 185 13 view .LVU37
 229 0012 0023     		movs	r3, #0
 230              	.L10:
 231              	.LVL20:
 186:Middlewares/ST/STM32_USB_Host_Library/Core/Src/usbh_ioreq.c ****   }
 187:Middlewares/ST/STM32_USB_Host_Library/Core/Src/usbh_ioreq.c **** 
 188:Middlewares/ST/STM32_USB_Host_Library/Core/Src/usbh_ioreq.c ****   (void)USBH_LL_SubmitURB(phost,                /* Driver handle    */
 232              		.loc 1 188 3 is_stmt 1 view .LVU38
 233              		.loc 1 188 9 is_stmt 0 view .LVU39
 234 0014 0393     		str	r3, [sp, #12]
 235 0016 0292     		str	r2, [sp, #8]
 236 0018 0194     		str	r4, [sp, #4]
 237 001a 0123     		movs	r3, #1
 238              	.LVL21:
 239              		.loc 1 188 9 view .LVU40
 240 001c 0093     		str	r3, [sp]
 241 001e 0223     		movs	r3, #2
 242 0020 0022     		movs	r2, #0
 243              	.LVL22:
 244              		.loc 1 188 9 view .LVU41
 245 0022 FFF7FEFF 		bl	USBH_LL_SubmitURB
 246              	.LVL23:
 189:Middlewares/ST/STM32_USB_Host_Library/Core/Src/usbh_ioreq.c ****                           pipe_num,             /* Pipe index       */
 190:Middlewares/ST/STM32_USB_Host_Library/Core/Src/usbh_ioreq.c ****                           0U,                   /* Direction : IN   */
 191:Middlewares/ST/STM32_USB_Host_Library/Core/Src/usbh_ioreq.c ****                           USBH_EP_BULK,         /* EP type          */
 192:Middlewares/ST/STM32_USB_Host_Library/Core/Src/usbh_ioreq.c ****                           USBH_PID_DATA,        /* Type Data        */
 193:Middlewares/ST/STM32_USB_Host_Library/Core/Src/usbh_ioreq.c ****                           buff,                 /* data buffer      */
 194:Middlewares/ST/STM32_USB_Host_Library/Core/Src/usbh_ioreq.c ****                           length,               /* data length      */
 195:Middlewares/ST/STM32_USB_Host_Library/Core/Src/usbh_ioreq.c ****                           do_ping);             /* do ping (HS Only)*/
 196:Middlewares/ST/STM32_USB_Host_Library/Core/Src/usbh_ioreq.c ****   return USBH_OK;
 247              		.loc 1 196 3 is_stmt 1 view .LVU42
 197:Middlewares/ST/STM32_USB_Host_Library/Core/Src/usbh_ioreq.c **** }
 248              		.loc 1 197 1 is_stmt 0 view .LVU43
 249 0026 0020     		movs	r0, #0
 250 0028 05B0     		add	sp, sp, #20
 251              	.LCFI11:
 252              		.cfi_def_cfa_offset 12
 253              		@ sp needed
 254 002a 30BD     		pop	{r4, r5, pc}
 255              		.loc 1 197 1 view .LVU44
 256              		.cfi_endproc
 257              	.LFE144:
 259              		.section	.text.USBH_BulkReceiveData,"ax",%progbits
 260              		.align	1
 261              		.global	USBH_BulkReceiveData
 262              		.syntax unified
 263              		.thumb
 264              		.thumb_func
 266              	USBH_BulkReceiveData:
 267              	.LVL24:
 268              	.LFB145:
ARM GAS  C:\Users\ashto\AppData\Local\Temp\ccxotgP1.s 			page 9


 198:Middlewares/ST/STM32_USB_Host_Library/Core/Src/usbh_ioreq.c **** 
 199:Middlewares/ST/STM32_USB_Host_Library/Core/Src/usbh_ioreq.c **** 
 200:Middlewares/ST/STM32_USB_Host_Library/Core/Src/usbh_ioreq.c **** /**
 201:Middlewares/ST/STM32_USB_Host_Library/Core/Src/usbh_ioreq.c ****   * @brief  USBH_BulkReceiveData
 202:Middlewares/ST/STM32_USB_Host_Library/Core/Src/usbh_ioreq.c ****   *         Receives IN bulk packet from device
 203:Middlewares/ST/STM32_USB_Host_Library/Core/Src/usbh_ioreq.c ****   * @param  phost: Host Handle
 204:Middlewares/ST/STM32_USB_Host_Library/Core/Src/usbh_ioreq.c ****   * @param  buff: Buffer pointer in which the received data packet to be copied
 205:Middlewares/ST/STM32_USB_Host_Library/Core/Src/usbh_ioreq.c ****   * @param  length: Length of the data to be received
 206:Middlewares/ST/STM32_USB_Host_Library/Core/Src/usbh_ioreq.c ****   * @param  pipe_num: Pipe Number
 207:Middlewares/ST/STM32_USB_Host_Library/Core/Src/usbh_ioreq.c ****   * @retval USBH Status.
 208:Middlewares/ST/STM32_USB_Host_Library/Core/Src/usbh_ioreq.c ****   */
 209:Middlewares/ST/STM32_USB_Host_Library/Core/Src/usbh_ioreq.c **** USBH_StatusTypeDef USBH_BulkReceiveData(USBH_HandleTypeDef *phost,
 210:Middlewares/ST/STM32_USB_Host_Library/Core/Src/usbh_ioreq.c ****                                         uint8_t *buff,
 211:Middlewares/ST/STM32_USB_Host_Library/Core/Src/usbh_ioreq.c ****                                         uint16_t length,
 212:Middlewares/ST/STM32_USB_Host_Library/Core/Src/usbh_ioreq.c ****                                         uint8_t pipe_num)
 213:Middlewares/ST/STM32_USB_Host_Library/Core/Src/usbh_ioreq.c **** {
 269              		.loc 1 213 1 is_stmt 1 view -0
 270              		.cfi_startproc
 271              		@ args = 0, pretend = 0, frame = 0
 272              		@ frame_needed = 0, uses_anonymous_args = 0
 273              		.loc 1 213 1 is_stmt 0 view .LVU46
 274 0000 30B5     		push	{r4, r5, lr}
 275              	.LCFI12:
 276              		.cfi_def_cfa_offset 12
 277              		.cfi_offset 4, -12
 278              		.cfi_offset 5, -8
 279              		.cfi_offset 14, -4
 280 0002 85B0     		sub	sp, sp, #20
 281              	.LCFI13:
 282              		.cfi_def_cfa_offset 32
 283 0004 0D46     		mov	r5, r1
 284 0006 1946     		mov	r1, r3
 285              	.LVL25:
 214:Middlewares/ST/STM32_USB_Host_Library/Core/Src/usbh_ioreq.c ****   (void)USBH_LL_SubmitURB(phost,                /* Driver handle    */
 286              		.loc 1 214 3 is_stmt 1 view .LVU47
 287              		.loc 1 214 9 is_stmt 0 view .LVU48
 288 0008 0024     		movs	r4, #0
 289 000a 0394     		str	r4, [sp, #12]
 290 000c 0292     		str	r2, [sp, #8]
 291 000e 0195     		str	r5, [sp, #4]
 292 0010 0122     		movs	r2, #1
 293              	.LVL26:
 294              		.loc 1 214 9 view .LVU49
 295 0012 0092     		str	r2, [sp]
 296 0014 0223     		movs	r3, #2
 297              	.LVL27:
 298              		.loc 1 214 9 view .LVU50
 299 0016 FFF7FEFF 		bl	USBH_LL_SubmitURB
 300              	.LVL28:
 215:Middlewares/ST/STM32_USB_Host_Library/Core/Src/usbh_ioreq.c ****                           pipe_num,             /* Pipe index       */
 216:Middlewares/ST/STM32_USB_Host_Library/Core/Src/usbh_ioreq.c ****                           1U,                   /* Direction : IN   */
 217:Middlewares/ST/STM32_USB_Host_Library/Core/Src/usbh_ioreq.c ****                           USBH_EP_BULK,         /* EP type          */
 218:Middlewares/ST/STM32_USB_Host_Library/Core/Src/usbh_ioreq.c ****                           USBH_PID_DATA,        /* Type Data        */
 219:Middlewares/ST/STM32_USB_Host_Library/Core/Src/usbh_ioreq.c ****                           buff,                 /* data buffer      */
 220:Middlewares/ST/STM32_USB_Host_Library/Core/Src/usbh_ioreq.c ****                           length,               /* data length      */
 221:Middlewares/ST/STM32_USB_Host_Library/Core/Src/usbh_ioreq.c ****                           0U);
 222:Middlewares/ST/STM32_USB_Host_Library/Core/Src/usbh_ioreq.c ****   return USBH_OK;
ARM GAS  C:\Users\ashto\AppData\Local\Temp\ccxotgP1.s 			page 10


 301              		.loc 1 222 3 is_stmt 1 view .LVU51
 223:Middlewares/ST/STM32_USB_Host_Library/Core/Src/usbh_ioreq.c **** }
 302              		.loc 1 223 1 is_stmt 0 view .LVU52
 303 001a 2046     		mov	r0, r4
 304 001c 05B0     		add	sp, sp, #20
 305              	.LCFI14:
 306              		.cfi_def_cfa_offset 12
 307              		@ sp needed
 308 001e 30BD     		pop	{r4, r5, pc}
 309              		.loc 1 223 1 view .LVU53
 310              		.cfi_endproc
 311              	.LFE145:
 313              		.section	.text.USBH_InterruptReceiveData,"ax",%progbits
 314              		.align	1
 315              		.global	USBH_InterruptReceiveData
 316              		.syntax unified
 317              		.thumb
 318              		.thumb_func
 320              	USBH_InterruptReceiveData:
 321              	.LVL29:
 322              	.LFB146:
 224:Middlewares/ST/STM32_USB_Host_Library/Core/Src/usbh_ioreq.c **** 
 225:Middlewares/ST/STM32_USB_Host_Library/Core/Src/usbh_ioreq.c **** 
 226:Middlewares/ST/STM32_USB_Host_Library/Core/Src/usbh_ioreq.c **** /**
 227:Middlewares/ST/STM32_USB_Host_Library/Core/Src/usbh_ioreq.c ****   * @brief  USBH_InterruptReceiveData
 228:Middlewares/ST/STM32_USB_Host_Library/Core/Src/usbh_ioreq.c ****   *         Receives the Device Response to the Interrupt IN token
 229:Middlewares/ST/STM32_USB_Host_Library/Core/Src/usbh_ioreq.c ****   * @param  phost: Host Handle
 230:Middlewares/ST/STM32_USB_Host_Library/Core/Src/usbh_ioreq.c ****   * @param  buff: Buffer pointer in which the response needs to be copied
 231:Middlewares/ST/STM32_USB_Host_Library/Core/Src/usbh_ioreq.c ****   * @param  length: Length of the data to be received
 232:Middlewares/ST/STM32_USB_Host_Library/Core/Src/usbh_ioreq.c ****   * @param  pipe_num: Pipe Number
 233:Middlewares/ST/STM32_USB_Host_Library/Core/Src/usbh_ioreq.c ****   * @retval USBH Status.
 234:Middlewares/ST/STM32_USB_Host_Library/Core/Src/usbh_ioreq.c ****   */
 235:Middlewares/ST/STM32_USB_Host_Library/Core/Src/usbh_ioreq.c **** USBH_StatusTypeDef USBH_InterruptReceiveData(USBH_HandleTypeDef *phost,
 236:Middlewares/ST/STM32_USB_Host_Library/Core/Src/usbh_ioreq.c ****                                              uint8_t *buff,
 237:Middlewares/ST/STM32_USB_Host_Library/Core/Src/usbh_ioreq.c ****                                              uint8_t length,
 238:Middlewares/ST/STM32_USB_Host_Library/Core/Src/usbh_ioreq.c ****                                              uint8_t pipe_num)
 239:Middlewares/ST/STM32_USB_Host_Library/Core/Src/usbh_ioreq.c **** {
 323              		.loc 1 239 1 is_stmt 1 view -0
 324              		.cfi_startproc
 325              		@ args = 0, pretend = 0, frame = 0
 326              		@ frame_needed = 0, uses_anonymous_args = 0
 327              		.loc 1 239 1 is_stmt 0 view .LVU55
 328 0000 30B5     		push	{r4, r5, lr}
 329              	.LCFI15:
 330              		.cfi_def_cfa_offset 12
 331              		.cfi_offset 4, -12
 332              		.cfi_offset 5, -8
 333              		.cfi_offset 14, -4
 334 0002 85B0     		sub	sp, sp, #20
 335              	.LCFI16:
 336              		.cfi_def_cfa_offset 32
 337 0004 0D46     		mov	r5, r1
 338 0006 1946     		mov	r1, r3
 339              	.LVL30:
 240:Middlewares/ST/STM32_USB_Host_Library/Core/Src/usbh_ioreq.c ****   (void)USBH_LL_SubmitURB(phost,                /* Driver handle    */
 340              		.loc 1 240 3 is_stmt 1 view .LVU56
 341              		.loc 1 240 9 is_stmt 0 view .LVU57
ARM GAS  C:\Users\ashto\AppData\Local\Temp\ccxotgP1.s 			page 11


 342 0008 0024     		movs	r4, #0
 343 000a 0394     		str	r4, [sp, #12]
 344 000c 0292     		str	r2, [sp, #8]
 345 000e 0195     		str	r5, [sp, #4]
 346 0010 0122     		movs	r2, #1
 347              	.LVL31:
 348              		.loc 1 240 9 view .LVU58
 349 0012 0092     		str	r2, [sp]
 350 0014 0323     		movs	r3, #3
 351              	.LVL32:
 352              		.loc 1 240 9 view .LVU59
 353 0016 FFF7FEFF 		bl	USBH_LL_SubmitURB
 354              	.LVL33:
 241:Middlewares/ST/STM32_USB_Host_Library/Core/Src/usbh_ioreq.c ****                           pipe_num,             /* Pipe index       */
 242:Middlewares/ST/STM32_USB_Host_Library/Core/Src/usbh_ioreq.c ****                           1U,                   /* Direction : IN   */
 243:Middlewares/ST/STM32_USB_Host_Library/Core/Src/usbh_ioreq.c ****                           USBH_EP_INTERRUPT,    /* EP type          */
 244:Middlewares/ST/STM32_USB_Host_Library/Core/Src/usbh_ioreq.c ****                           USBH_PID_DATA,        /* Type Data        */
 245:Middlewares/ST/STM32_USB_Host_Library/Core/Src/usbh_ioreq.c ****                           buff,                 /* data buffer      */
 246:Middlewares/ST/STM32_USB_Host_Library/Core/Src/usbh_ioreq.c ****                           (uint16_t)length,     /* data length      */
 247:Middlewares/ST/STM32_USB_Host_Library/Core/Src/usbh_ioreq.c ****                           0U);
 248:Middlewares/ST/STM32_USB_Host_Library/Core/Src/usbh_ioreq.c **** 
 249:Middlewares/ST/STM32_USB_Host_Library/Core/Src/usbh_ioreq.c ****   return USBH_OK;
 355              		.loc 1 249 3 is_stmt 1 view .LVU60
 250:Middlewares/ST/STM32_USB_Host_Library/Core/Src/usbh_ioreq.c **** }
 356              		.loc 1 250 1 is_stmt 0 view .LVU61
 357 001a 2046     		mov	r0, r4
 358 001c 05B0     		add	sp, sp, #20
 359              	.LCFI17:
 360              		.cfi_def_cfa_offset 12
 361              		@ sp needed
 362 001e 30BD     		pop	{r4, r5, pc}
 363              		.loc 1 250 1 view .LVU62
 364              		.cfi_endproc
 365              	.LFE146:
 367              		.section	.text.USBH_InterruptSendData,"ax",%progbits
 368              		.align	1
 369              		.global	USBH_InterruptSendData
 370              		.syntax unified
 371              		.thumb
 372              		.thumb_func
 374              	USBH_InterruptSendData:
 375              	.LVL34:
 376              	.LFB147:
 251:Middlewares/ST/STM32_USB_Host_Library/Core/Src/usbh_ioreq.c **** 
 252:Middlewares/ST/STM32_USB_Host_Library/Core/Src/usbh_ioreq.c **** /**
 253:Middlewares/ST/STM32_USB_Host_Library/Core/Src/usbh_ioreq.c ****   * @brief  USBH_InterruptSendData
 254:Middlewares/ST/STM32_USB_Host_Library/Core/Src/usbh_ioreq.c ****   *         Sends the data on Interrupt OUT Endpoint
 255:Middlewares/ST/STM32_USB_Host_Library/Core/Src/usbh_ioreq.c ****   * @param  phost: Host Handle
 256:Middlewares/ST/STM32_USB_Host_Library/Core/Src/usbh_ioreq.c ****   * @param  buff: Buffer pointer from where the data needs to be copied
 257:Middlewares/ST/STM32_USB_Host_Library/Core/Src/usbh_ioreq.c ****   * @param  length: Length of the data to be sent
 258:Middlewares/ST/STM32_USB_Host_Library/Core/Src/usbh_ioreq.c ****   * @param  pipe_num: Pipe Number
 259:Middlewares/ST/STM32_USB_Host_Library/Core/Src/usbh_ioreq.c ****   * @retval USBH Status.
 260:Middlewares/ST/STM32_USB_Host_Library/Core/Src/usbh_ioreq.c ****   */
 261:Middlewares/ST/STM32_USB_Host_Library/Core/Src/usbh_ioreq.c **** USBH_StatusTypeDef USBH_InterruptSendData(USBH_HandleTypeDef *phost,
 262:Middlewares/ST/STM32_USB_Host_Library/Core/Src/usbh_ioreq.c ****                                           uint8_t *buff,
 263:Middlewares/ST/STM32_USB_Host_Library/Core/Src/usbh_ioreq.c ****                                           uint8_t length,
 264:Middlewares/ST/STM32_USB_Host_Library/Core/Src/usbh_ioreq.c ****                                           uint8_t pipe_num)
ARM GAS  C:\Users\ashto\AppData\Local\Temp\ccxotgP1.s 			page 12


 265:Middlewares/ST/STM32_USB_Host_Library/Core/Src/usbh_ioreq.c **** {
 377              		.loc 1 265 1 is_stmt 1 view -0
 378              		.cfi_startproc
 379              		@ args = 0, pretend = 0, frame = 0
 380              		@ frame_needed = 0, uses_anonymous_args = 0
 381              		.loc 1 265 1 is_stmt 0 view .LVU64
 382 0000 30B5     		push	{r4, r5, lr}
 383              	.LCFI18:
 384              		.cfi_def_cfa_offset 12
 385              		.cfi_offset 4, -12
 386              		.cfi_offset 5, -8
 387              		.cfi_offset 14, -4
 388 0002 85B0     		sub	sp, sp, #20
 389              	.LCFI19:
 390              		.cfi_def_cfa_offset 32
 391 0004 0D46     		mov	r5, r1
 392 0006 1946     		mov	r1, r3
 393              	.LVL35:
 266:Middlewares/ST/STM32_USB_Host_Library/Core/Src/usbh_ioreq.c ****   (void)USBH_LL_SubmitURB(phost,                /* Driver handle    */
 394              		.loc 1 266 3 is_stmt 1 view .LVU65
 395              		.loc 1 266 9 is_stmt 0 view .LVU66
 396 0008 0024     		movs	r4, #0
 397 000a 0394     		str	r4, [sp, #12]
 398 000c 0292     		str	r2, [sp, #8]
 399 000e 0195     		str	r5, [sp, #4]
 400 0010 0123     		movs	r3, #1
 401              	.LVL36:
 402              		.loc 1 266 9 view .LVU67
 403 0012 0093     		str	r3, [sp]
 404 0014 0323     		movs	r3, #3
 405 0016 2246     		mov	r2, r4
 406              	.LVL37:
 407              		.loc 1 266 9 view .LVU68
 408 0018 FFF7FEFF 		bl	USBH_LL_SubmitURB
 409              	.LVL38:
 267:Middlewares/ST/STM32_USB_Host_Library/Core/Src/usbh_ioreq.c ****                           pipe_num,             /* Pipe index       */
 268:Middlewares/ST/STM32_USB_Host_Library/Core/Src/usbh_ioreq.c ****                           0U,                   /* Direction : OUT  */
 269:Middlewares/ST/STM32_USB_Host_Library/Core/Src/usbh_ioreq.c ****                           USBH_EP_INTERRUPT,    /* EP type          */
 270:Middlewares/ST/STM32_USB_Host_Library/Core/Src/usbh_ioreq.c ****                           USBH_PID_DATA,        /* Type Data        */
 271:Middlewares/ST/STM32_USB_Host_Library/Core/Src/usbh_ioreq.c ****                           buff,                 /* data buffer      */
 272:Middlewares/ST/STM32_USB_Host_Library/Core/Src/usbh_ioreq.c ****                           (uint16_t)length,     /* data length      */
 273:Middlewares/ST/STM32_USB_Host_Library/Core/Src/usbh_ioreq.c ****                           0U);
 274:Middlewares/ST/STM32_USB_Host_Library/Core/Src/usbh_ioreq.c **** 
 275:Middlewares/ST/STM32_USB_Host_Library/Core/Src/usbh_ioreq.c ****   return USBH_OK;
 410              		.loc 1 275 3 is_stmt 1 view .LVU69
 276:Middlewares/ST/STM32_USB_Host_Library/Core/Src/usbh_ioreq.c **** }
 411              		.loc 1 276 1 is_stmt 0 view .LVU70
 412 001c 2046     		mov	r0, r4
 413 001e 05B0     		add	sp, sp, #20
 414              	.LCFI20:
 415              		.cfi_def_cfa_offset 12
 416              		@ sp needed
 417 0020 30BD     		pop	{r4, r5, pc}
 418              		.loc 1 276 1 view .LVU71
 419              		.cfi_endproc
 420              	.LFE147:
 422              		.section	.text.USBH_IsocReceiveData,"ax",%progbits
ARM GAS  C:\Users\ashto\AppData\Local\Temp\ccxotgP1.s 			page 13


 423              		.align	1
 424              		.global	USBH_IsocReceiveData
 425              		.syntax unified
 426              		.thumb
 427              		.thumb_func
 429              	USBH_IsocReceiveData:
 430              	.LVL39:
 431              	.LFB148:
 277:Middlewares/ST/STM32_USB_Host_Library/Core/Src/usbh_ioreq.c **** 
 278:Middlewares/ST/STM32_USB_Host_Library/Core/Src/usbh_ioreq.c **** /**
 279:Middlewares/ST/STM32_USB_Host_Library/Core/Src/usbh_ioreq.c ****   * @brief  USBH_IsocReceiveData
 280:Middlewares/ST/STM32_USB_Host_Library/Core/Src/usbh_ioreq.c ****   *         Receives the Device Response to the Isochronous IN token
 281:Middlewares/ST/STM32_USB_Host_Library/Core/Src/usbh_ioreq.c ****   * @param  phost: Host Handle
 282:Middlewares/ST/STM32_USB_Host_Library/Core/Src/usbh_ioreq.c ****   * @param  buff: Buffer pointer in which the response needs to be copied
 283:Middlewares/ST/STM32_USB_Host_Library/Core/Src/usbh_ioreq.c ****   * @param  length: Length of the data to be received
 284:Middlewares/ST/STM32_USB_Host_Library/Core/Src/usbh_ioreq.c ****   * @param  pipe_num: Pipe Number
 285:Middlewares/ST/STM32_USB_Host_Library/Core/Src/usbh_ioreq.c ****   * @retval USBH Status.
 286:Middlewares/ST/STM32_USB_Host_Library/Core/Src/usbh_ioreq.c ****   */
 287:Middlewares/ST/STM32_USB_Host_Library/Core/Src/usbh_ioreq.c **** USBH_StatusTypeDef USBH_IsocReceiveData(USBH_HandleTypeDef *phost,
 288:Middlewares/ST/STM32_USB_Host_Library/Core/Src/usbh_ioreq.c ****                                         uint8_t *buff,
 289:Middlewares/ST/STM32_USB_Host_Library/Core/Src/usbh_ioreq.c ****                                         uint32_t length,
 290:Middlewares/ST/STM32_USB_Host_Library/Core/Src/usbh_ioreq.c ****                                         uint8_t pipe_num)
 291:Middlewares/ST/STM32_USB_Host_Library/Core/Src/usbh_ioreq.c **** {
 432              		.loc 1 291 1 is_stmt 1 view -0
 433              		.cfi_startproc
 434              		@ args = 0, pretend = 0, frame = 0
 435              		@ frame_needed = 0, uses_anonymous_args = 0
 436              		.loc 1 291 1 is_stmt 0 view .LVU73
 437 0000 30B5     		push	{r4, r5, lr}
 438              	.LCFI21:
 439              		.cfi_def_cfa_offset 12
 440              		.cfi_offset 4, -12
 441              		.cfi_offset 5, -8
 442              		.cfi_offset 14, -4
 443 0002 85B0     		sub	sp, sp, #20
 444              	.LCFI22:
 445              		.cfi_def_cfa_offset 32
 446 0004 0D46     		mov	r5, r1
 447 0006 1946     		mov	r1, r3
 448              	.LVL40:
 292:Middlewares/ST/STM32_USB_Host_Library/Core/Src/usbh_ioreq.c ****   (void)USBH_LL_SubmitURB(phost,                /* Driver handle    */
 449              		.loc 1 292 3 is_stmt 1 view .LVU74
 450              		.loc 1 292 9 is_stmt 0 view .LVU75
 451 0008 0024     		movs	r4, #0
 452 000a 0394     		str	r4, [sp, #12]
 453 000c 92B2     		uxth	r2, r2
 454              	.LVL41:
 455              		.loc 1 292 9 view .LVU76
 456 000e 0292     		str	r2, [sp, #8]
 457 0010 0195     		str	r5, [sp, #4]
 458 0012 0122     		movs	r2, #1
 459 0014 0092     		str	r2, [sp]
 460 0016 1346     		mov	r3, r2
 461              	.LVL42:
 462              		.loc 1 292 9 view .LVU77
 463 0018 FFF7FEFF 		bl	USBH_LL_SubmitURB
 464              	.LVL43:
ARM GAS  C:\Users\ashto\AppData\Local\Temp\ccxotgP1.s 			page 14


 293:Middlewares/ST/STM32_USB_Host_Library/Core/Src/usbh_ioreq.c ****                           pipe_num,             /* Pipe index       */
 294:Middlewares/ST/STM32_USB_Host_Library/Core/Src/usbh_ioreq.c ****                           1U,                   /* Direction : IN   */
 295:Middlewares/ST/STM32_USB_Host_Library/Core/Src/usbh_ioreq.c ****                           USBH_EP_ISO,          /* EP type          */
 296:Middlewares/ST/STM32_USB_Host_Library/Core/Src/usbh_ioreq.c ****                           USBH_PID_DATA,        /* Type Data        */
 297:Middlewares/ST/STM32_USB_Host_Library/Core/Src/usbh_ioreq.c ****                           buff,                 /* data buffer      */
 298:Middlewares/ST/STM32_USB_Host_Library/Core/Src/usbh_ioreq.c ****                           (uint16_t)length,     /* data length      */
 299:Middlewares/ST/STM32_USB_Host_Library/Core/Src/usbh_ioreq.c ****                           0U);
 300:Middlewares/ST/STM32_USB_Host_Library/Core/Src/usbh_ioreq.c **** 
 301:Middlewares/ST/STM32_USB_Host_Library/Core/Src/usbh_ioreq.c **** 
 302:Middlewares/ST/STM32_USB_Host_Library/Core/Src/usbh_ioreq.c ****   return USBH_OK;
 465              		.loc 1 302 3 is_stmt 1 view .LVU78
 303:Middlewares/ST/STM32_USB_Host_Library/Core/Src/usbh_ioreq.c **** }
 466              		.loc 1 303 1 is_stmt 0 view .LVU79
 467 001c 2046     		mov	r0, r4
 468 001e 05B0     		add	sp, sp, #20
 469              	.LCFI23:
 470              		.cfi_def_cfa_offset 12
 471              		@ sp needed
 472 0020 30BD     		pop	{r4, r5, pc}
 473              		.loc 1 303 1 view .LVU80
 474              		.cfi_endproc
 475              	.LFE148:
 477              		.section	.text.USBH_IsocSendData,"ax",%progbits
 478              		.align	1
 479              		.global	USBH_IsocSendData
 480              		.syntax unified
 481              		.thumb
 482              		.thumb_func
 484              	USBH_IsocSendData:
 485              	.LVL44:
 486              	.LFB149:
 304:Middlewares/ST/STM32_USB_Host_Library/Core/Src/usbh_ioreq.c **** 
 305:Middlewares/ST/STM32_USB_Host_Library/Core/Src/usbh_ioreq.c **** /**
 306:Middlewares/ST/STM32_USB_Host_Library/Core/Src/usbh_ioreq.c ****   * @brief  USBH_IsocSendData
 307:Middlewares/ST/STM32_USB_Host_Library/Core/Src/usbh_ioreq.c ****   *         Sends the data on Isochronous OUT Endpoint
 308:Middlewares/ST/STM32_USB_Host_Library/Core/Src/usbh_ioreq.c ****   * @param  phost: Host Handle
 309:Middlewares/ST/STM32_USB_Host_Library/Core/Src/usbh_ioreq.c ****   * @param  buff: Buffer pointer from where the data needs to be copied
 310:Middlewares/ST/STM32_USB_Host_Library/Core/Src/usbh_ioreq.c ****   * @param  length: Length of the data to be sent
 311:Middlewares/ST/STM32_USB_Host_Library/Core/Src/usbh_ioreq.c ****   * @param  pipe_num: Pipe Number
 312:Middlewares/ST/STM32_USB_Host_Library/Core/Src/usbh_ioreq.c ****   * @retval USBH Status.
 313:Middlewares/ST/STM32_USB_Host_Library/Core/Src/usbh_ioreq.c ****   */
 314:Middlewares/ST/STM32_USB_Host_Library/Core/Src/usbh_ioreq.c **** USBH_StatusTypeDef USBH_IsocSendData(USBH_HandleTypeDef *phost,
 315:Middlewares/ST/STM32_USB_Host_Library/Core/Src/usbh_ioreq.c ****                                      uint8_t *buff,
 316:Middlewares/ST/STM32_USB_Host_Library/Core/Src/usbh_ioreq.c ****                                      uint32_t length,
 317:Middlewares/ST/STM32_USB_Host_Library/Core/Src/usbh_ioreq.c ****                                      uint8_t pipe_num)
 318:Middlewares/ST/STM32_USB_Host_Library/Core/Src/usbh_ioreq.c **** {
 487              		.loc 1 318 1 is_stmt 1 view -0
 488              		.cfi_startproc
 489              		@ args = 0, pretend = 0, frame = 0
 490              		@ frame_needed = 0, uses_anonymous_args = 0
 491              		.loc 1 318 1 is_stmt 0 view .LVU82
 492 0000 30B5     		push	{r4, r5, lr}
 493              	.LCFI24:
 494              		.cfi_def_cfa_offset 12
 495              		.cfi_offset 4, -12
 496              		.cfi_offset 5, -8
 497              		.cfi_offset 14, -4
ARM GAS  C:\Users\ashto\AppData\Local\Temp\ccxotgP1.s 			page 15


 498 0002 85B0     		sub	sp, sp, #20
 499              	.LCFI25:
 500              		.cfi_def_cfa_offset 32
 501 0004 0D46     		mov	r5, r1
 502 0006 1946     		mov	r1, r3
 503              	.LVL45:
 319:Middlewares/ST/STM32_USB_Host_Library/Core/Src/usbh_ioreq.c ****   (void)USBH_LL_SubmitURB(phost,                /* Driver handle    */
 504              		.loc 1 319 3 is_stmt 1 view .LVU83
 505              		.loc 1 319 9 is_stmt 0 view .LVU84
 506 0008 0024     		movs	r4, #0
 507 000a 0394     		str	r4, [sp, #12]
 508 000c 92B2     		uxth	r2, r2
 509              	.LVL46:
 510              		.loc 1 319 9 view .LVU85
 511 000e 0292     		str	r2, [sp, #8]
 512 0010 0195     		str	r5, [sp, #4]
 513 0012 0123     		movs	r3, #1
 514              	.LVL47:
 515              		.loc 1 319 9 view .LVU86
 516 0014 0093     		str	r3, [sp]
 517 0016 2246     		mov	r2, r4
 518 0018 FFF7FEFF 		bl	USBH_LL_SubmitURB
 519              	.LVL48:
 320:Middlewares/ST/STM32_USB_Host_Library/Core/Src/usbh_ioreq.c ****                           pipe_num,             /* Pipe index       */
 321:Middlewares/ST/STM32_USB_Host_Library/Core/Src/usbh_ioreq.c ****                           0U,                   /* Direction : OUT  */
 322:Middlewares/ST/STM32_USB_Host_Library/Core/Src/usbh_ioreq.c ****                           USBH_EP_ISO,          /* EP type          */
 323:Middlewares/ST/STM32_USB_Host_Library/Core/Src/usbh_ioreq.c ****                           USBH_PID_DATA,        /* Type Data        */
 324:Middlewares/ST/STM32_USB_Host_Library/Core/Src/usbh_ioreq.c ****                           buff,                 /* data buffer      */
 325:Middlewares/ST/STM32_USB_Host_Library/Core/Src/usbh_ioreq.c ****                           (uint16_t)length,     /* data length      */
 326:Middlewares/ST/STM32_USB_Host_Library/Core/Src/usbh_ioreq.c ****                           0U);
 327:Middlewares/ST/STM32_USB_Host_Library/Core/Src/usbh_ioreq.c **** 
 328:Middlewares/ST/STM32_USB_Host_Library/Core/Src/usbh_ioreq.c ****   return USBH_OK;
 520              		.loc 1 328 3 is_stmt 1 view .LVU87
 329:Middlewares/ST/STM32_USB_Host_Library/Core/Src/usbh_ioreq.c **** }
 521              		.loc 1 329 1 is_stmt 0 view .LVU88
 522 001c 2046     		mov	r0, r4
 523 001e 05B0     		add	sp, sp, #20
 524              	.LCFI26:
 525              		.cfi_def_cfa_offset 12
 526              		@ sp needed
 527 0020 30BD     		pop	{r4, r5, pc}
 528              		.loc 1 329 1 view .LVU89
 529              		.cfi_endproc
 530              	.LFE149:
 532              		.text
 533              	.Letext0:
 534              		.file 2 "c:\\program files (x86)\\gnu arm embedded toolchain\\10 2021.10\\arm-none-eabi\\include\\
 535              		.file 3 "c:\\program files (x86)\\gnu arm embedded toolchain\\10 2021.10\\arm-none-eabi\\include\\
 536              		.file 4 "Middlewares/Third_Party/FreeRTOS/Source/CMSIS_RTOS_V2/cmsis_os2.h"
 537              		.file 5 "Middlewares/ST/STM32_USB_Host_Library/Core/Inc/usbh_def.h"
 538              		.file 6 "Middlewares/ST/STM32_USB_Host_Library/Core/Inc/usbh_core.h"
ARM GAS  C:\Users\ashto\AppData\Local\Temp\ccxotgP1.s 			page 16


DEFINED SYMBOLS
                            *ABS*:00000000 usbh_ioreq.c
C:\Users\ashto\AppData\Local\Temp\ccxotgP1.s:20     .text.USBH_CtlSendSetup:00000000 $t
C:\Users\ashto\AppData\Local\Temp\ccxotgP1.s:26     .text.USBH_CtlSendSetup:00000000 USBH_CtlSendSetup
C:\Users\ashto\AppData\Local\Temp\ccxotgP1.s:74     .text.USBH_CtlSendData:00000000 $t
C:\Users\ashto\AppData\Local\Temp\ccxotgP1.s:80     .text.USBH_CtlSendData:00000000 USBH_CtlSendData
C:\Users\ashto\AppData\Local\Temp\ccxotgP1.s:140    .text.USBH_CtlReceiveData:00000000 $t
C:\Users\ashto\AppData\Local\Temp\ccxotgP1.s:146    .text.USBH_CtlReceiveData:00000000 USBH_CtlReceiveData
C:\Users\ashto\AppData\Local\Temp\ccxotgP1.s:194    .text.USBH_BulkSendData:00000000 $t
C:\Users\ashto\AppData\Local\Temp\ccxotgP1.s:200    .text.USBH_BulkSendData:00000000 USBH_BulkSendData
C:\Users\ashto\AppData\Local\Temp\ccxotgP1.s:260    .text.USBH_BulkReceiveData:00000000 $t
C:\Users\ashto\AppData\Local\Temp\ccxotgP1.s:266    .text.USBH_BulkReceiveData:00000000 USBH_BulkReceiveData
C:\Users\ashto\AppData\Local\Temp\ccxotgP1.s:314    .text.USBH_InterruptReceiveData:00000000 $t
C:\Users\ashto\AppData\Local\Temp\ccxotgP1.s:320    .text.USBH_InterruptReceiveData:00000000 USBH_InterruptReceiveData
C:\Users\ashto\AppData\Local\Temp\ccxotgP1.s:368    .text.USBH_InterruptSendData:00000000 $t
C:\Users\ashto\AppData\Local\Temp\ccxotgP1.s:374    .text.USBH_InterruptSendData:00000000 USBH_InterruptSendData
C:\Users\ashto\AppData\Local\Temp\ccxotgP1.s:423    .text.USBH_IsocReceiveData:00000000 $t
C:\Users\ashto\AppData\Local\Temp\ccxotgP1.s:429    .text.USBH_IsocReceiveData:00000000 USBH_IsocReceiveData
C:\Users\ashto\AppData\Local\Temp\ccxotgP1.s:478    .text.USBH_IsocSendData:00000000 $t
C:\Users\ashto\AppData\Local\Temp\ccxotgP1.s:484    .text.USBH_IsocSendData:00000000 USBH_IsocSendData

UNDEFINED SYMBOLS
USBH_LL_SubmitURB
